# JRE version: OpenJDK Runtime Environment (21.0.6) (build 21.0.6+-13368085-b895.109)
# Java VM: OpenJDK 64-Bit Server VM (21.0.6+-13368085-b895.109, mixed mode, tiered, compressed oops, compressed class ptrs, g1 gc, windows-amd64)
GC Precious Log:
 CardTable entry size: 512
 Card Set container configuration: InlinePtr #cards 5 size 8 Array Of Cards #cards 12 size 40 Howl #buckets 4 coarsen threshold 1843 Howl Bitmap #cards 512 size 80 coarsen threshold 460 Card regions per heap region 1 cards per card region 2048
 CPUs: 4 total, 4 available
 Memory: 8077M
 Large Page Support: Disabled
 NUMA Support: Disabled
 Compressed Oops: Enabled (32-bit)
 Heap Region Size: 1M
 Heap Min Capacity: 8M
 Heap Initial Capacity: 128M
 Heap Max Capacity: 2020M
 Pre-touch: Disabled
 Parallel Workers: 4
 Concurrent Workers: 1
 Concurrent Refinement Workers: 4
 Periodic GC: Disabled
Heap:
 garbage-first heap   total 64512K, used 45479K [0x0000000081c00000, 0x0000000100000000)
  region size 1024K, 2 young (2048K), 2 survivors (2048K)
 Metaspace       used 40046K, committed 40384K, reserved 1114112K
  class space    used 4697K, committed 4864K, reserved 1048576K
GC Heap History (20 events):
Event: 0.790 GC heap after
{Heap after GC invocations=1 (full 0):
 garbage-first heap   total 131072K, used 5471K [0x0000000081c00000, 0x0000000100000000)
  region size 1024K, 2 young (2048K), 2 survivors (2048K)
 Metaspace       used 11151K, committed 11264K, reserved 1114112K
  class space    used 934K, committed 960K, reserved 1048576K
}
Event: 1.236 GC heap before
{Heap before GC invocations=1 (full 0):
 garbage-first heap   total 131072K, used 24927K [0x0000000081c00000, 0x0000000100000000)
  region size 1024K, 22 young (22528K), 2 survivors (2048K)
 Metaspace       used 16915K, committed 17152K, reserved 1114112K
  class space    used 1653K, committed 1792K, reserved 1048576K
}
Event: 1.241 GC heap after
{Heap after GC invocations=2 (full 0):
 garbage-first heap   total 131072K, used 6951K [0x0000000081c00000, 0x0000000100000000)
  region size 1024K, 2 young (2048K), 2 survivors (2048K)
 Metaspace       used 16915K, committed 17152K, reserved 1114112K
  class space    used 1653K, committed 1792K, reserved 1048576K
}
Event: 1.532 GC heap before
{Heap before GC invocations=2 (full 0):
 garbage-first heap   total 131072K, used 19239K [0x0000000081c00000, 0x0000000100000000)
  region size 1024K, 15 young (15360K), 2 survivors (2048K)
 Metaspace       used 21332K, committed 21504K, reserved 1114112K
  class space    used 2179K, committed 2240K, reserved 1048576K
}
Event: 1.536 GC heap after
{Heap after GC invocations=3 (full 0):
 garbage-first heap   total 131072K, used 7605K [0x0000000081c00000, 0x0000000100000000)
  region size 1024K, 3 young (3072K), 3 survivors (3072K)
 Metaspace       used 21332K, committed 21504K, reserved 1114112K
  class space    used 2179K, committed 2240K, reserved 1048576K
}
Event: 2.186 GC heap before
{Heap before GC invocations=4 (full 0):
 garbage-first heap   total 37888K, used 36277K [0x0000000081c00000, 0x0000000100000000)
  region size 1024K, 24 young (24576K), 3 survivors (3072K)
 Metaspace       used 28797K, committed 29056K, reserved 1114112K
  class space    used 3395K, committed 3520K, reserved 1048576K
}
Event: 2.195 GC heap after
{Heap after GC invocations=5 (full 0):
 garbage-first heap   total 41984K, used 15988K [0x0000000081c00000, 0x0000000100000000)
  region size 1024K, 4 young (4096K), 4 survivors (4096K)
 Metaspace       used 28797K, committed 29056K, reserved 1114112K
  class space    used 3395K, committed 3520K, reserved 1048576K
}
Event: 2.377 GC heap before
{Heap before GC invocations=5 (full 0):
 garbage-first heap   total 41984K, used 33396K [0x0000000081c00000, 0x0000000100000000)
  region size 1024K, 21 young (21504K), 4 survivors (4096K)
 Metaspace       used 29032K, committed 29312K, reserved 1114112K
  class space    used 3399K, committed 3520K, reserved 1048576K
}
Event: 2.392 GC heap after
{Heap after GC invocations=6 (full 0):
 garbage-first heap   total 43008K, used 20105K [0x0000000081c00000, 0x0000000100000000)
  region size 1024K, 3 young (3072K), 3 survivors (3072K)
 Metaspace       used 29032K, committed 29312K, reserved 1114112K
  class space    used 3399K, committed 3520K, reserved 1048576K
}
Event: 2.712 GC heap before
{Heap before GC invocations=6 (full 0):
 garbage-first heap   total 43008K, used 35465K [0x0000000081c00000, 0x0000000100000000)
  region size 1024K, 18 young (18432K), 3 survivors (3072K)
 Metaspace       used 29154K, committed 29440K, reserved 1114112K
  class space    used 3404K, committed 3520K, reserved 1048576K
}
Event: 2.750 GC heap after
{Heap after GC invocations=7 (full 0):
 garbage-first heap   total 59392K, used 28672K [0x0000000081c00000, 0x0000000100000000)
  region size 1024K, 3 young (3072K), 3 survivors (3072K)
 Metaspace       used 29154K, committed 29440K, reserved 1114112K
  class space    used 3404K, committed 3520K, reserved 1048576K
}
Event: 2.881 GC heap before
{Heap before GC invocations=7 (full 0):
 garbage-first heap   total 59392K, used 41984K [0x0000000081c00000, 0x0000000100000000)
  region size 1024K, 17 young (17408K), 3 survivors (3072K)
 Metaspace       used 29171K, committed 29440K, reserved 1114112K
  class space    used 3404K, committed 3520K, reserved 1048576K
}
Event: 2.901 GC heap after
{Heap after GC invocations=8 (full 0):
 garbage-first heap   total 59392K, used 26624K [0x0000000081c00000, 0x0000000100000000)
  region size 1024K, 3 young (3072K), 3 survivors (3072K)
 Metaspace       used 29171K, committed 29440K, reserved 1114112K
  class space    used 3404K, committed 3520K, reserved 1048576K
}
Event: 3.208 GC heap before
{Heap before GC invocations=8 (full 0):
 garbage-first heap   total 59392K, used 48128K [0x0000000081c00000, 0x0000000100000000)
  region size 1024K, 21 young (21504K), 3 survivors (3072K)
 Metaspace       used 30094K, committed 30464K, reserved 1114112K
  class space    used 3495K, committed 3648K, reserved 1048576K
}
Event: 3.219 GC heap after
{Heap after GC invocations=9 (full 0):
 garbage-first heap   total 59392K, used 28672K [0x0000000081c00000, 0x0000000100000000)
  region size 1024K, 3 young (3072K), 3 survivors (3072K)
 Metaspace       used 30094K, committed 30464K, reserved 1114112K
  class space    used 3495K, committed 3648K, reserved 1048576K
}
Event: 3.719 GC heap before
{Heap before GC invocations=9 (full 0):
 garbage-first heap   total 59392K, used 45056K [0x0000000081c00000, 0x0000000100000000)
  region size 1024K, 20 young (20480K), 3 survivors (3072K)
 Metaspace       used 35056K, committed 35392K, reserved 1114112K
  class space    used 4234K, committed 4416K, reserved 1048576K
}
Event: 3.730 GC heap after
{Heap after GC invocations=10 (full 0):
 garbage-first heap   total 59392K, used 30604K [0x0000000081c00000, 0x0000000100000000)
  region size 1024K, 2 young (2048K), 2 survivors (2048K)
 Metaspace       used 35056K, committed 35392K, reserved 1114112K
  class space    used 4234K, committed 4416K, reserved 1048576K
}
Event: 4.322 GC heap before
{Heap before GC invocations=11 (full 0):
 garbage-first heap   total 63488K, used 57228K [0x0000000081c00000, 0x0000000100000000)
  region size 1024K, 19 young (19456K), 2 survivors (2048K)
 Metaspace       used 37720K, committed 38080K, reserved 1114112K
  class space    used 4525K, committed 4672K, reserved 1048576K
}
Event: 4.331 GC heap after
{Heap after GC invocations=12 (full 0):
 garbage-first heap   total 64512K, used 44654K [0x0000000081c00000, 0x0000000100000000)
  region size 1024K, 3 young (3072K), 3 survivors (3072K)
 Metaspace       used 37720K, committed 38080K, reserved 1114112K
  class space    used 4525K, committed 4672K, reserved 1048576K
}
Event: 4.596 GC heap before
{Heap before GC invocations=12 (full 0):
 garbage-first heap   total 64512K, used 54894K [0x0000000081c00000, 0x0000000100000000)
  region size 1024K, 14 young (14336K), 3 survivors (3072K)
 Metaspace       used 40046K, committed 40384K, reserved 1114112K
  class space    used 4697K, committed 4864K, reserved 1048576K
}

