# JRE version: OpenJDK Runtime Environment (21.0.6) (build 21.0.6+-13368085-b895.109)
# Java VM: OpenJDK 64-Bit Server VM (21.0.6+-13368085-b895.109, mixed mode, tiered, compressed oops, compressed class ptrs, g1 gc, windows-amd64)
GC Precious Log:
 CardTable entry size: 512
 Card Set container configuration: InlinePtr #cards 5 size 8 Array Of Cards #cards 12 size 40 Howl #buckets 4 coarsen threshold 1843 Howl Bitmap #cards 512 size 80 coarsen threshold 460 Card regions per heap region 1 cards per card region 2048
 CPUs: 4 total, 4 available
 Memory: 8077M
 Large Page Support: Disabled
 NUMA Support: Disabled
 Compressed Oops: Enabled (32-bit)
 Heap Region Size: 1M
 Heap Min Capacity: 8M
 Heap Initial Capacity: 128M
 Heap Max Capacity: 2020M
 Pre-touch: Disabled
 Parallel Workers: 4
 Concurrent Workers: 1
 Concurrent Refinement Workers: 4
 Periodic GC: Disabled
Heap:
 garbage-first heap   total 124928K, used 74240K [0x0000000081c00000, 0x0000000100000000)
  region size 1024K, 16 young (16384K), 6 survivors (6144K)
 Metaspace       used 63859K, committed 64704K, reserved 1114112K
  class space    used 7321K, committed 7744K, reserved 1048576K
GC Heap History (20 events):
Event: 2.780 GC heap before
{Heap before GC invocations=6 (full 0):
 garbage-first heap   total 43008K, used 35466K [0x0000000081c00000, 0x0000000100000000)
  region size 1024K, 18 young (18432K), 3 survivors (3072K)
 Metaspace       used 29189K, committed 29504K, reserved 1114112K
  class space    used 3404K, committed 3520K, reserved 1048576K
}
Event: 2.818 GC heap after
{Heap after GC invocations=7 (full 0):
 garbage-first heap   total 47104K, used 28672K [0x0000000081c00000, 0x0000000100000000)
  region size 1024K, 3 young (3072K), 3 survivors (3072K)
 Metaspace       used 29189K, committed 29504K, reserved 1114112K
  class space    used 3404K, committed 3520K, reserved 1048576K
}
Event: 2.909 GC heap before
{Heap before GC invocations=7 (full 0):
 garbage-first heap   total 47104K, used 34816K [0x0000000081c00000, 0x0000000100000000)
  region size 1024K, 10 young (10240K), 3 survivors (3072K)
 Metaspace       used 29195K, committed 29504K, reserved 1114112K
  class space    used 3404K, committed 3520K, reserved 1048576K
}
Event: 2.927 GC heap after
{Heap after GC invocations=8 (full 0):
 garbage-first heap   total 77824K, used 24064K [0x0000000081c00000, 0x0000000100000000)
  region size 1024K, 2 young (2048K), 2 survivors (2048K)
 Metaspace       used 29195K, committed 29504K, reserved 1114112K
  class space    used 3404K, committed 3520K, reserved 1048576K
}
Event: 3.626 GC heap before
{Heap before GC invocations=8 (full 0):
 garbage-first heap   total 77824K, used 59904K [0x0000000081c00000, 0x0000000100000000)
  region size 1024K, 34 young (34816K), 2 survivors (2048K)
 Metaspace       used 32572K, committed 32832K, reserved 1114112K
  class space    used 3967K, committed 4096K, reserved 1048576K
}
Event: 3.648 GC heap after
{Heap after GC invocations=9 (full 0):
 garbage-first heap   total 77824K, used 29411K [0x0000000081c00000, 0x0000000100000000)
  region size 1024K, 5 young (5120K), 5 survivors (5120K)
 Metaspace       used 32572K, committed 32832K, reserved 1114112K
  class space    used 3967K, committed 4096K, reserved 1048576K
}
Event: 4.067 GC heap before
{Heap before GC invocations=9 (full 0):
 garbage-first heap   total 77824K, used 52963K [0x0000000081c00000, 0x0000000100000000)
  region size 1024K, 19 young (19456K), 5 survivors (5120K)
 Metaspace       used 35255K, committed 35584K, reserved 1114112K
  class space    used 4245K, committed 4416K, reserved 1048576K
}
Event: 4.085 GC heap after
{Heap after GC invocations=10 (full 0):
 garbage-first heap   total 77824K, used 42847K [0x0000000081c00000, 0x0000000100000000)
  region size 1024K, 3 young (3072K), 3 survivors (3072K)
 Metaspace       used 35255K, committed 35584K, reserved 1114112K
  class space    used 4245K, committed 4416K, reserved 1048576K
}
Event: 4.701 GC heap before
{Heap before GC invocations=11 (full 0):
 garbage-first heap   total 77824K, used 64351K [0x0000000081c00000, 0x0000000100000000)
  region size 1024K, 24 young (24576K), 3 survivors (3072K)
 Metaspace       used 39384K, committed 39680K, reserved 1114112K
  class space    used 4659K, committed 4800K, reserved 1048576K
}
Event: 4.710 GC heap after
{Heap after GC invocations=12 (full 0):
 garbage-first heap   total 77824K, used 45675K [0x0000000081c00000, 0x0000000100000000)
  region size 1024K, 3 young (3072K), 3 survivors (3072K)
 Metaspace       used 39384K, committed 39680K, reserved 1114112K
  class space    used 4659K, committed 4800K, reserved 1048576K
}
Event: 5.337 GC heap before
{Heap before GC invocations=12 (full 0):
 garbage-first heap   total 77824K, used 65131K [0x0000000081c00000, 0x0000000100000000)
  region size 1024K, 23 young (23552K), 3 survivors (3072K)
 Metaspace       used 42978K, committed 43520K, reserved 1114112K
  class space    used 5048K, committed 5312K, reserved 1048576K
}
Event: 5.347 GC heap after
{Heap after GC invocations=13 (full 0):
 garbage-first heap   total 77824K, used 46379K [0x0000000081c00000, 0x0000000100000000)
  region size 1024K, 2 young (2048K), 2 survivors (2048K)
 Metaspace       used 42978K, committed 43520K, reserved 1114112K
  class space    used 5048K, committed 5312K, reserved 1048576K
}
Event: 6.324 GC heap before
{Heap before GC invocations=13 (full 0):
 garbage-first heap   total 77824K, used 65835K [0x0000000081c00000, 0x0000000100000000)
  region size 1024K, 22 young (22528K), 2 survivors (2048K)
 Metaspace       used 47275K, committed 48064K, reserved 1114112K
  class space    used 5580K, committed 5952K, reserved 1048576K
}
Event: 6.335 GC heap after
{Heap after GC invocations=14 (full 0):
 garbage-first heap   total 124928K, used 48752K [0x0000000081c00000, 0x0000000100000000)
  region size 1024K, 3 young (3072K), 3 survivors (3072K)
 Metaspace       used 47275K, committed 48064K, reserved 1114112K
  class space    used 5580K, committed 5952K, reserved 1048576K
}
Event: 7.418 GC heap before
{Heap before GC invocations=15 (full 0):
 garbage-first heap   total 124928K, used 97904K [0x0000000081c00000, 0x0000000100000000)
  region size 1024K, 51 young (52224K), 3 survivors (3072K)
 Metaspace       used 51292K, committed 52032K, reserved 1114112K
  class space    used 6018K, committed 6336K, reserved 1048576K
}
Event: 7.435 GC heap after
{Heap after GC invocations=16 (full 0):
 garbage-first heap   total 124928K, used 52299K [0x0000000081c00000, 0x0000000100000000)
  region size 1024K, 6 young (6144K), 6 survivors (6144K)
 Metaspace       used 51292K, committed 52032K, reserved 1114112K
  class space    used 6018K, committed 6336K, reserved 1048576K
}
Event: 10.292 GC heap before
{Heap before GC invocations=16 (full 0):
 garbage-first heap   total 124928K, used 100427K [0x0000000081c00000, 0x0000000100000000)
  region size 1024K, 53 young (54272K), 6 survivors (6144K)
 Metaspace       used 59046K, committed 59904K, reserved 1114112K
  class space    used 6885K, committed 7296K, reserved 1048576K
}
Event: 10.319 GC heap after
{Heap after GC invocations=17 (full 0):
 garbage-first heap   total 124928K, used 58368K [0x0000000081c00000, 0x0000000100000000)
  region size 1024K, 7 young (7168K), 7 survivors (7168K)
 Metaspace       used 59046K, committed 59904K, reserved 1114112K
  class space    used 6885K, committed 7296K, reserved 1048576K
}
Event: 13.073 GC heap before
{Heap before GC invocations=17 (full 0):
 garbage-first heap   total 124928K, used 104448K [0x0000000081c00000, 0x0000000100000000)
  region size 1024K, 52 young (53248K), 7 survivors (7168K)
 Metaspace       used 63649K, committed 64512K, reserved 1114112K
  class space    used 7316K, committed 7744K, reserved 1048576K
}
Event: 13.104 GC heap after
{Heap after GC invocations=18 (full 0):
 garbage-first heap   total 124928K, used 65024K [0x0000000081c00000, 0x0000000100000000)
  region size 1024K, 6 young (6144K), 6 survivors (6144K)
 Metaspace       used 63649K, committed 64512K, reserved 1114112K
  class space    used 7316K, committed 7744K, reserved 1048576K
}

